TN:
SF:src\modules\appointments\services\CreateAppointmentService.ts
FN:16,(anonymous_18)
FN:17,CreateAppointmentService
FN:22,(anonymous_20)
FNF:3
FNH:3
FNDA:1,(anonymous_18)
FNDA:2,CreateAppointmentService
FNDA:3,(anonymous_20)
DA:1,1
DA:2,1
DA:5,1
DA:16,1
DA:19,2
DA:22,1
DA:23,3
DA:24,3
DA:25,3
DA:27,3
DA:29,3
DA:33,3
DA:34,1
DA:37,2
DA:43,2
DA:45,1
DA:47,1
LF:17
LH:17
BRDA:33,0,0,1
BRDA:33,0,1,2
BRF:2
BRH:2
end_of_record
TN:
SF:src\modules\users\services\AuthenticateSessionService.ts
FN:22,(anonymous_18)
FN:23,AuthenticateSessionService
FN:31,(anonymous_20)
FNF:3
FNH:3
FNDA:1,(anonymous_18)
FNDA:2,AuthenticateSessionService
FNDA:2,(anonymous_20)
DA:1,1
DA:2,1
DA:4,1
DA:6,1
DA:22,1
DA:25,2
DA:28,2
DA:31,2
DA:32,2
DA:34,2
DA:35,1
DA:38,1
DA:43,1
DA:44,1
DA:47,0
DA:49,0
DA:54,0
DA:56,0
DA:61,1
LF:19
LH:15
BRDA:32,0,0,2
BRDA:34,1,0,1
BRDA:34,1,1,1
BRDA:43,2,0,1
BRDA:43,2,1,0
BRF:5
BRH:4
end_of_record
TN:
SF:src\modules\users\services\CreateUserService.ts
FN:16,(anonymous_18)
FN:17,CreateUserService
FN:25,(anonymous_20)
FNF:3
FNH:3
FNDA:2,(anonymous_18)
FNDA:3,CreateUserService
FNDA:4,(anonymous_20)
DA:1,2
DA:4,2
DA:16,2
DA:19,3
DA:22,3
DA:25,4
DA:26,4
DA:28,4
DA:29,1
DA:32,3
DA:34,3
DA:40,3
DA:42,3
DA:44,2
DA:46,2
LF:15
LH:15
BRDA:26,0,0,4
BRDA:28,1,0,1
BRDA:28,1,1,3
BRF:3
BRH:3
end_of_record
TN:
SF:src\modules\users\services\UpdateUserAvatarService.ts
FN:17,(anonymous_18)
FN:18,UpdateUserAvatarService
FN:25,(anonymous_20)
FNF:3
FNH:3
FNDA:1,(anonymous_18)
FNDA:3,UpdateUserAvatarService
FNDA:4,(anonymous_20)
DA:3,1
DA:7,1
DA:17,1
DA:20,3
DA:22,3
DA:25,4
DA:26,4
DA:28,4
DA:29,1
DA:32,3
DA:33,1
DA:36,3
DA:38,3
DA:40,6
DA:42,3
DA:44,1
LF:16
LH:16
BRDA:26,0,0,4
BRDA:28,1,0,1
BRDA:28,1,1,3
BRDA:32,2,0,1
BRDA:32,2,1,2
BRF:5
BRH:5
end_of_record
